Log filename: "C:\git\milspec\Arbortext\Editor\Custom\doctypes\87929D-AV9D0P0\87929D-AV9D0P0.log"
Document type compile date: Fri Sep 18 15:33:06 2020
Version "Arbortext Architect 7.1 M060 November 15, 2019"   R71M060-319
Platform: Windows 10 Pro

Host: acer   Login: cangi

Catalog path: "C:\git\milspec\Arbortext\Editor\Custom\doctypes;C:\Program Files\PTC\Arbortext Editor\application\com.ptc.arbortext.slmaad\doctypes\pubstruct;C:\Program Files\PTC\Arbortext Editor\application\com.ptc.arbortext.slmaad\doctypes;C:\Program Files\PTC\Arbortext Editor\application\com.ptc.arbortext.techinfo\doctypes;C:\Program Files\PTC\Arbortext Editor\adapters\com.ptc.prowt.arbortext\doctypes;C:\Program Files\PTC\Arbortext Editor\doctypes;C:\Program Files\PTC\Arbortext Editor\doctypes;"


Update (.ptd file written) or Validate (.ptd file not written): Update
XML or SGML Application: SGML
Force Compile: No
Top level element: doc
Public ID: (not specified)
DTD Path: "C:\git\milspec\Arbortext\Editor\Custom\doctypes\87929D-AV9D0P0\87929D-AV9D0P0.dtd"
PTD Path: "C:\git\milspec\Arbortext\Editor\Custom\doctypes\87929D-AV9D0P0\87929D-AV9D0P0.ptd"
ATI Tag Path: "C:\Program Files\PTC\Arbortext Editor\lib\dtgen\atitag.cf"
Message File Path: (not specified)
SGML Declaration Path: (not specified) using "C:\Users\Public\Desktop"

Entity Name: %charent
Public Identifier: "-//JCALS//ENTITIES supported ISO entities v1//EN"
System Identifier: (none)
Resolved Path: "C:\git\milspec\Arbortext\Editor\Custom\entities\supported_ISO_entities_v1"
Catalog File: "C:\git\milspec\Arbortext\Editor\Custom\doctypes\catalog"

Entity Name: %eps-big
Public Identifier: "-//JCALS//ENTITIES big EPS symbols v1//EN"
System Identifier: (none)
Resolved Path: "C:\git\milspec\Arbortext\Editor\Custom\entities\big_EPS_symbols_v1"
Catalog File: "C:\git\milspec\Arbortext\Editor\Custom\doctypes\catalog"

Entity Name: %eps-big-local
Public Identifier: "-//JCALS//ENTITIES local big EPS symbols v1//EN"
System Identifier: (none)
Resolved Path: "C:\git\milspec\Arbortext\Editor\Custom\entities\local_big_EPS_symbols_v1"
Catalog File: "C:\git\milspec\Arbortext\Editor\Custom\doctypes\catalog"

Entity Name: %eps-sml
Public Identifier: "-//JCALS//ENTITIES small EPS symbols v1//EN"
System Identifier: (none)
Resolved Path: "C:\git\milspec\Arbortext\Editor\Custom\entities\small_EPS_symbols_v1"
Catalog File: "C:\git\milspec\Arbortext\Editor\Custom\doctypes\catalog"

Entity Name: %eps-small-local
Public Identifier: "-//JCALS//ENTITIES local small EPS symbols v1//EN"
System Identifier: (none)
Resolved Path: "C:\git\milspec\Arbortext\Editor\Custom\entities\local_small_EPS_symbols_v1"
Catalog File: "C:\git\milspec\Arbortext\Editor\Custom\doctypes\catalog"

